ncverilog(64): 14.10-s005: (c) Copyright 1995-2014 Cadence Design Systems, Inc.
TOOL:	ncverilog	14.10-s005: Started on Jul 20, 2020 at 16:52:30 CST
ncverilog
	-f simula.f
		AS_tb.v
		AS.v
		+nc64bit
		+access+r
		+define+fsdb
Recompiling... reason: file './AS.v' is newer than expected.
	expected: Mon Jul 20 16:50:39 2020
	actual:   Mon Jul 20 16:52:22 2020
file: AS.v
	module worklib.Adder:v
		errors: 0, warnings: 0
		Caching library 'worklib' ....... Done
	Elaborating the design hierarchy:
	Building instance overlay tables: .................... Done
	Generating native compiled code:
		worklib.Adder:v <0x1af44c82>
			streams:   1, words:   682
	Building instance specific data structures.
	Loading native compiled code:     .................... Done
	Design hierarchy summary:
		                 Instances  Unique
		Modules:                 6       3
		Registers:              31      16
		Scalar wires:           15       -
		Expanded wires:          4       1
		Vectored wires:          1       -
		Always blocks:           4       1
		Initial blocks:          5       5
		Cont. assignments:       1       6
		Pseudo assignments:      3       3
		Simulation timescale:  1ps
	Writing initial simulation snapshot: worklib.AS_tb:v
Loading snapshot worklib.AS_tb:v .................... Done
*Verdi* Loading libsscore_ius141.so
ncsim> source /usr/cad/cadence/INCISIV/cur/tools/inca/files/ncsimrc
ncsim> run
FSDB Dumper for IUS, Release Verdi_O-2018.09, Linux x86_64/64bit, 08/30/2018
(C) 1996 - 2018 by Synopsys, Inc.
*Verdi* FSDB WARNING: The FSDB file already exists. Overwriting the FSDB file may crash the programs that are using this file.
*Verdi* : Create FSDB file 'AS.fsdb'
*Verdi* : Begin traversing the scopes, layer (0).
*Verdi* : End of traversing.
*Verdi* : Begin traversing the MDAs, layer (0).
*Verdi* : Enable +mda and +packedmda dumping.
*Verdi* : End of traversing the MDAs.
          1 data is correct
          2 data is correct
          3 data is correct
          4 data is correct
          5 data is correct
          6 data is correct
          7 data is correct
          8 data is correct
          9 data is correct
         10 data is correct
         11 data is correct
         12 data is correct
         13 data is correct
         14 data is correct
         15 data is correct
         16 data is correct
         17 data is correct
         18 data is correct
         19 data is correct
         20 data is correct
         21 data is correct
         22 data is correct
         23 data is correct
         24 data is correct
         25 data is correct
         26 data is correct
         27 data is correct
         28 data is correct
         29 data is correct
         30 data is correct
         31 data is correct
         32 data is correct
         33 data is correct
         34 data is correct
         35 data is correct
         36 data is correct
         37 data is correct
         38 data is correct
         39 data is correct
         40 data is correct
         41 data is correct
         42 data is correct
         43 data is correct
         44 data is correct
         45 data is correct
         46 data is correct
         47 data is correct
         48 data is correct
         49 data is correct
         50 data is correct
         51 data is correct
         52 data is correct
         53 data is correct
         54 data is correct
         55 data is correct
         56 data is correct
         57 data is correct
         58 data is correct
         59 data is correct
         60 data is correct
         61 data is correct
         62 data is correct
         63 data is correct
         64 data is correct
         65 data is correct
         66 data is correct
         67 data is correct
         68 data is correct
         69 data is correct
         70 data is correct
         71 data is correct
         72 data is correct
         73 data is correct
         74 data is correct
         75 data is correct
         76 data is correct
         77 data is correct
         78 data is correct
         79 data is correct
         80 data is correct
         81 data is correct
         82 data is correct
         83 data is correct
         84 data is correct
         85 data is correct
         86 data is correct
         87 data is correct
         88 data is correct
         89 data is correct
         90 data is correct
         91 data is correct
         92 data is correct
         93 data is correct
         94 data is correct
         95 data is correct
         96 data is correct
         97 data is correct
         98 data is correct
         99 data is correct
        100 data is correct
        101 data is correct
        102 data is correct
        103 data is correct
        104 data is correct
        105 data is correct
        106 data is correct
        107 data is correct
        108 data is correct
        109 data is correct
        110 data is correct
        111 data is correct
        112 data is correct
        113 data is correct
        114 data is correct
        115 data is correct
        116 data is correct
        117 data is correct
        118 data is correct
        119 data is correct
        120 data is correct
        121 data is correct
        122 data is correct
        123 data is correct
        124 data is correct
        125 data is correct
        126 data is correct
        127 data is correct
        128 data is correct
        129 data is correct
        130 data is correct
        131 data is correct
        132 data is correct
        133 data is correct
        134 data is correct
        135 data is correct
        136 data is correct
        137 data is correct
        138 data is correct
        139 data is correct
        140 data is correct
        141 data is correct
        142 data is correct
        143 data is correct
        144 data is correct
        145 data is correct
        146 data is correct
        147 data is correct
        148 data is correct
        149 data is correct
        150 data is correct
        151 data is correct
        152 data is correct
        153 data is correct
        154 data is correct
        155 data is correct
        156 data is correct
        157 data is correct
        158 data is correct
        159 data is correct
        160 data is correct
        161 data is correct
        162 data is correct
        163 data is correct
        164 data is correct
        165 data is correct
        166 data is correct
        167 data is correct
        168 data is correct
        169 data is correct
        170 data is correct
        171 data is correct
        172 data is correct
        173 data is correct
        174 data is correct
        175 data is correct
        176 data is correct
        177 data is correct
        178 data is correct
        179 data is correct
        180 data is correct
        181 data is correct
        182 data is correct
        183 data is correct
        184 data is correct
        185 data is correct
        186 data is correct
        187 data is correct
        188 data is correct
        189 data is correct
        190 data is correct
        191 data is correct
        192 data is correct
        193 data is correct
        194 data is correct
        195 data is correct
        196 data is correct
        197 data is correct
        198 data is correct
        199 data is correct
        200 data is correct
        201 data is correct
        202 data is correct
        203 data is correct
        204 data is correct
        205 data is correct
        206 data is correct
        207 data is correct
        208 data is correct
        209 data is correct
        210 data is correct
        211 data is correct
        212 data is correct
        213 data is correct
        214 data is correct
        215 data is correct
        216 data is correct
        217 data is correct
        218 data is correct
        219 data is correct
        220 data is correct
        221 data is correct
        222 data is correct
        223 data is correct
        224 data is correct
        225 data is correct
        226 data is correct
        227 data is correct
        228 data is correct
        229 data is correct
        230 data is correct
        231 data is correct
        232 data is correct
        233 data is correct
        234 data is correct
        235 data is correct
        236 data is correct
        237 data is correct
        238 data is correct
        239 data is correct
        240 data is correct
        241 data is correct
        242 data is correct
        243 data is correct
        244 data is correct
        245 data is correct
        246 data is correct
        247 data is correct
        248 data is correct
        249 data is correct
        250 data is correct
        251 data is correct
        252 data is correct
        253 data is correct
        254 data is correct
        255 data is correct
        256 data is correct
        257 data is correct
        258 data is correct
        259 data is correct
        260 data is correct
        261 data is correct
        262 data is correct
        263 data is correct
        264 data is correct
        265 data is correct
        266 data is correct
        267 data is correct
        268 data is correct
        269 data is correct
        270 data is correct
        271 data is correct
        272 data is correct
        273 data is correct
        274 data is correct
        275 data is correct
        276 data is correct
        277 data is correct
        278 data is correct
        279 data is correct
        280 data is correct
        281 data is correct
        282 data is correct
        283 data is correct
        284 data is correct
        285 data is correct
        286 data is correct
        287 data is correct
        288 data is correct
        289 data is correct
        290 data is correct
        291 data is correct
        292 data is correct
        293 data is correct
        294 data is correct
        295 data is correct
        296 data is correct
        297 data is correct
        298 data is correct
        299 data is correct
        300 data is correct
        301 data is correct
        302 data is correct
        303 data is correct
        304 data is correct
        305 data is correct
        306 data is correct
        307 data is correct
        308 data is correct
        309 data is correct
        310 data is correct
        311 data is correct
        312 data is correct
        313 data is correct
        314 data is correct
        315 data is correct
        316 data is correct
        317 data is correct
        318 data is correct
        319 data is correct
        320 data is correct
        321 data is correct
        322 data is correct
        323 data is correct
        324 data is correct
        325 data is correct
        326 data is correct
        327 data is correct
        328 data is correct
        329 data is correct
        330 data is correct
        331 data is correct
        332 data is correct
        333 data is correct
        334 data is correct
        335 data is correct
        336 data is correct
        337 data is correct
        338 data is correct
        339 data is correct
        340 data is correct
        341 data is correct
        342 data is correct
        343 data is correct
        344 data is correct
        345 data is correct
        346 data is correct
        347 data is correct
        348 data is correct
        349 data is correct
        350 data is correct
        351 data is correct
        352 data is correct
        353 data is correct
        354 data is correct
        355 data is correct
        356 data is correct
        357 data is correct
        358 data is correct
        359 data is correct
        360 data is correct
        361 data is correct
        362 data is correct
        363 data is correct
        364 data is correct
        365 data is correct
        366 data is correct
        367 data is correct
        368 data is correct
        369 data is correct
        370 data is correct
        371 data is correct
        372 data is correct
        373 data is correct
        374 data is correct
        375 data is correct
        376 data is correct
        377 data is correct
        378 data is correct
        379 data is correct
        380 data is correct
        381 data is correct
        382 data is correct
        383 data is correct
        384 data is correct
        385 data is correct
        386 data is correct
        387 data is correct
        388 data is correct
        389 data is correct
        390 data is correct
        391 data is correct
        392 data is correct
        393 data is correct
        394 data is correct
        395 data is correct
        396 data is correct
        397 data is correct
        398 data is correct
        399 data is correct
        400 data is correct
        401 data is correct
        402 data is correct
        403 data is correct
        404 data is correct
        405 data is correct
        406 data is correct
        407 data is correct
        408 data is correct
        409 data is correct
        410 data is correct
        411 data is correct
        412 data is correct
        413 data is correct
        414 data is correct
        415 data is correct
        416 data is correct
        417 data is correct
        418 data is correct
        419 data is correct
        420 data is correct
        421 data is correct
        422 data is correct
        423 data is correct
        424 data is correct
        425 data is correct
        426 data is correct
        427 data is correct
        428 data is correct
        429 data is correct
        430 data is correct
        431 data is correct
        432 data is correct
        433 data is correct
        434 data is correct
        435 data is correct
        436 data is correct
        437 data is correct
        438 data is correct
        439 data is correct
        440 data is correct
        441 data is correct
        442 data is correct
        443 data is correct
        444 data is correct
        445 data is correct
        446 data is correct
        447 data is correct
        448 data is correct
        449 data is correct
        450 data is correct
        451 data is correct
        452 data is correct
        453 data is correct
        454 data is correct
        455 data is correct
        456 data is correct
        457 data is correct
        458 data is correct
        459 data is correct
        460 data is correct
        461 data is correct
        462 data is correct
        463 data is correct
        464 data is correct
        465 data is correct
        466 data is correct
        467 data is correct
        468 data is correct
        469 data is correct
        470 data is correct
        471 data is correct
        472 data is correct
        473 data is correct
        474 data is correct
        475 data is correct
        476 data is correct
        477 data is correct
        478 data is correct
        479 data is correct
        480 data is correct
        481 data is correct
        482 data is correct
        483 data is correct
        484 data is correct
        485 data is correct
        486 data is correct
        487 data is correct
        488 data is correct
        489 data is correct
        490 data is correct
        491 data is correct
        492 data is correct
        493 data is correct
        494 data is correct
        495 data is correct
        496 data is correct
        497 data is correct
        498 data is correct
        499 data is correct
        500 data is correct
        501 data is correct
        502 data is correct
        503 data is correct
        504 data is correct
        505 data is correct
        506 data is correct
        507 data is correct
        508 data is correct
        509 data is correct
        510 data is correct
        511 data is correct
        512 data is correct
-------------------PASS-------------------
All data have been generated successfully!
Simulation complete via $finish(1) at time 25700 NS + 0
./AS_tb.v:63   #10 $finish;
ncsim> exit
TOOL:	ncverilog	14.10-s005: Exiting on Jul 20, 2020 at 16:52:31 CST  (total: 00:00:01)
