ncsim(64) 14.10-s005
Linux 2.6.32-431.el6.x86_64 #1 SMP Fri Nov 22 03:15:09 UTC 2013 x86_64
CPU cores: 24
Limit information:
======================================
cputime			unlimited
filesize		unlimited
datasize		unlimited
stacksize		10240 kbytes
coredumpsize	0 kbytes
memoryuse		unlimited
vmemoryuse		unlimited
descriptors		4096
memorylocked	64 kbytes
maxproc			1024
======================================
(Special)Runtime environment variables:

Runtime environment variables:
HOSTNAME=ideal125
SELINUX_ROLE_REQUESTED=
TERM=xterm
SHELL=/bin/sh
HISTSIZE=1000
SSH_CLIENT=192.168.102.7 50428 22
SELINUX_USE_CURRENT_RANGE=
QTDIR=/usr/lib64/qt-3.3
QTINC=/usr/lib64/qt-3.3/include
SSH_TTY=/dev/pts/0
USER=jayhua267
LS_COLORS=rs=0:di=01;34:ln=01;36:mh=00:pi=40;33:so=01;35:do=01;35:bd=40;33;01:cd=40;33;01:or=40;31;01:mi=01;05;37;41:su=37;41:sg=30;43:ca=30;41:tw=30;42:ow=34;42:st=37;44:ex=01;32:*.tar=01;31:*.tgz=01;31:*.arj=01;31:*.taz=01;31:*.lzh=01;31:*.lzma=01;31:*.tlz=01;31:*.txz=01;31:*.zip=01;31:*.z=01;31:*.Z=01;31:*.dz=01;31:*.gz=01;31:*.lz=01;31:*.xz=01;31:*.bz2=01;31:*.tbz=01;31:*.tbz2=01;31:*.bz=01;31:*.tz=01;31:*.deb=01;31:*.rpm=01;31:*.jar=01;31:*.rar=01;31:*.ace=01;31:*.zoo=01;31:*.cpio=01;31:*.7z=01;31:*.rz=01;31:*.jpg=01;35:*.jpeg=01;35:*.gif=01;35:*.bmp=01;35:*.pbm=01;35:*.pgm=01;35:*.ppm=01;35:*.tga=01;35:*.xbm=01;35:*.xpm=01;35:*.tif=01;35:*.tiff=01;35:*.png=01;35:*.svg=01;35:*.svgz=01;35:*.mng=01;35:*.pcx=01;35:*.mov=01;35:*.mpg=01;35:*.mpeg=01;35:*.m2v=01;35:*.mkv=01;35:*.ogm=01;35:*.mp4=01;35:*.m4v=01;35:*.mp4v=01;35:*.vob=01;35:*.qt=01;35:*.nuv=01;35:*.wmv=01;35:*.asf=01;35:*.rm=01;35:*.rmvb=01;35:*.flc=01;35:*.avi=01;35:*.fli=01;35:*.flv=01;35:*.gl=01;35:*.dl=01;35:*.xcf=01;35:*.xwd=01;35:*.yuv=01;35:*.cgm=01;35:*.emf=01;35:*.axv=01;35:*.anx=01;35:*.ogv=01;35:*.ogx=01;35:*.aac=01;36:*.au=01;36:*.flac=01;36:*.mid=01;36:*.midi=01;36:*.mka=01;36:*.mp3=01;36:*.mpc=01;36:*.ogg=01;36:*.ra=01;36:*.wav=01;36:*.axa=01;36:*.oga=01;36:*.spx=01;36:*.xspf=01;36:
MAIL=/var/spool/mail/jayhua267
PATH=/usr/cad/cadence/INCISIV/cur/tools/bin/64bit:/usr/cad/cadence/INCISIV/cur/tools/bin/64bit:/usr/cad/cadence/INCISIV/cur/tools/bin/64bit:/home/nfs_cad/synopsys/verdi/cur/bin:/home/nfs_cad/synopsys/verdi/cur/nLint/bin:/usr/cad/cadence/INCISIV/cur/tools/bin:/usr/cad/cadence/INCISIV/cur/tools/vtools/vfault/bin:/usr/cad/cadence/INCISIV/cur/tools/dfII/bin:/usr/lib64/qt-3.3/bin:/usr/local/bin:/bin:/usr/bin:/usr/local/sbin:/usr/sbin:/sbin
PWD=/home/jayhua267/DIC/DIC_HW1
LANG=en_US.UTF-8
SELINUX_LEVEL_REQUESTED=
SSH_ASKPASS=/usr/libexec/openssh/gnome-ssh-askpass
HISTCONTROL=ignoredups
SHLVL=2
HOME=/home/jayhua267
LANGUAGE=en_US.UTF-8
LOGNAME=jayhua267
QTLIB=/usr/lib64/qt-3.3/lib
CVS_RSH=ssh
SSH_CONNECTION=192.168.102.7 50428 140.116.245.125 22
LESSOPEN=|/usr/bin/lesspipe.sh %s
DISPLAY=localhost:10.0
G_BROKEN_FILENAMES=1
_=/bin/tcsh
OLDPWD=/home/jayhua267/DIC
HOSTTYPE=x86_64-linux
VENDOR=unknown
OSTYPE=linux
MACHTYPE=x86_64
GROUP=users
HOST=ideal125
REMOTEHOST=192.168.102.7
LD_LIBRARY_PATH=/home/nfs_cad/synopsys/verdi/cur/share/PLI/IUS/LINUX64/:/usr/cad/cadence/INCISIV/cur/tools/lib/64bit:/usr/cad/cadence/INCISIV/cur/tools/lib:/usr/cad/cadence/INCISIV/cur/tools/vtools/vfault/lib::/usr/openwin/lib:/usr/dt/lib:/usr/lib:/usr/local/lib
LM_LICENSE_FILE=26585@lsnchu:5280@lscic:5280@lsnctu:5280@lsncu:
SHLIB_PATH=/home/nfs_cad/synopsys/verdi/cur/share/PLI/IUS/LINUX64
_IRUNROOT_=/usr/cad/cadence/INCISIV/cur/tools
CDS_ARCH=lnx86
NCRUNMODE=ncverilog:./INCA_libs/irun.lnx8664.14.10.nc
IRUNBATCH=FALSE
IMPERAS_PORT_FILE=.vsp_ovp_gdb_port
TCL_LIBRARY=/usr/cad/cadence/INCISIV/cur/tools/inca/files/tcl/library
Runtime command line arguments:
argv[0]=ncverilog
argv[1]=-f
argv[2]=simula.f
argv[3]=AS_tb.v
argv[4]=AS.v
argv[5]=+nc64bit
argv[6]=+access+r
argv[7]=+define+fsdb
75 profile - 100
          CPU/Mem usage: 0.070 sys,  0.040 user,  191.57M sys,  0.00M vm
76 VC callback profile - scalar:0 vector:0
77 Mon Jul 20 16:52:30 2020
78 pliAppInit
79 FSDB_GATE is disabled.
80 Enable Parallel Dumping.
81 pliAppMiscSet: New Sim Round
82 pliEntryInit
83 LIBSSCORE=found /home/nfs_cad/synopsys/verdi/cur/share/PLI/IUS/LINUX64/libsscore_ius141.so through $LD_LIBRARY_PATH setting.
84 argv[0]: AS.fsdb
85 FSDB Dumper for IUS, Release Verdi_O-2018.09, Linux x86_64/64bit, 08/30/2018
86 (C) 1996 - 2018 by Synopsys, Inc.
87 sps_call_fsdbDumpfile at 0 : /home/jayhua267/DIC/DIC_HW1/AS_tb.v(67)
88 argv[0]: AS.fsdb
89 *Verdi* FSDB WARNING: The FSDB file already exists. Overwriting the FSDB file may crash the programs that are using this file.
90 *Verdi* : Create FSDB file 'AS.fsdb'
91 sps_call_fsdbDumpvars at 0 : /home/jayhua267/DIC/DIC_HW1/AS_tb.v(68)
92 *Verdi* : Begin traversing the scopes, layer (0).
93 *Verdi* : End of traversing.
94 fsdbDumpvars traverse var: profile - 
          CPU/Mem usage: 0.090 sys,  0.060 user,  292.02M sys,  0.00M vm
                   incr: 0.010 sys,  0.010 user,  8.90M sys,  0.00M vm
                   accu: 0.010 sys,  0.010 user,  8.90M sys,  0.00M vm
              accu incr: 0.010 sys,  0.010 user,  8.90M sys,  0.00M vm

          Count usage: 64 var,  47 idcode,  47 callback
                 incr: 64 var,  47 idcode,  47 callback
                 accu: 64 var,  47 idcode,  47 callback
            accu incr: 64 var,  47 idcode,  47 callback
95 VC callback profile - scalar:0 vector:0
96 Mon Jul 20 16:52:31 2020
97 fsdbDumpvars: profile - 
          CPU/Mem usage: 0.090 sys,  0.060 user,  293.07M sys,  0.00M vm
                   incr: 0.000 sys,  0.000 user,  1.05M sys,  0.00M vm
                   accu: 0.010 sys,  0.010 user,  9.95M sys,  0.00M vm
              accu incr: 0.000 sys,  0.000 user,  1.05M sys,  0.00M vm

          Count usage: 64 var,  47 idcode,  47 callback
                 incr: 0 var,  0 idcode,  0 callback
                 accu: 64 var,  47 idcode,  47 callback
            accu incr: 0 var,  0 idcode,  0 callback
98 VC callback profile - scalar:40 vector:7
99 Mon Jul 20 16:52:31 2020
100 sps_call_fsdbDumpMDA at 0 : /home/jayhua267/DIC/DIC_HW1/AS_tb.v(69)
101 *Verdi* : Begin traversing the MDAs, layer (0).
102 *Verdi* : Enable +mda and +packedmda dumping.
103 *Verdi* : End of traversing the MDAs.
104 fsdbDumpMDA traverse var: profile - 
          CPU/Mem usage: 0.090 sys,  0.090 user,  293.63M sys,  0.00M vm
                   incr: 0.000 sys,  0.030 user,  0.56M sys,  0.00M vm
                   accu: 0.000 sys,  0.030 user,  0.56M sys,  0.00M vm
              accu incr: 0.000 sys,  0.030 user,  0.56M sys,  0.00M vm

          Count usage: 2112 var,  2095 idcode,  2095 callback
                 incr: 2048 var,  2048 idcode,  2048 callback
                 accu: 2048 var,  2048 idcode,  2048 callback
            accu incr: 2048 var,  2048 idcode,  2048 callback
105 VC callback profile - scalar:40 vector:7
106 Mon Jul 20 16:52:31 2020
107 fsdbDumpMDA: profile - 
          CPU/Mem usage: 0.090 sys,  0.090 user,  293.77M sys,  0.00M vm
                   incr: 0.000 sys,  0.000 user,  0.14M sys,  0.00M vm
                   accu: 0.000 sys,  0.030 user,  0.70M sys,  0.00M vm
              accu incr: 0.000 sys,  0.000 user,  0.14M sys,  0.00M vm

          Count usage: 2112 var,  2095 idcode,  2095 callback
                 incr: 0 var,  0 idcode,  0 callback
                 accu: 2048 var,  2048 idcode,  2048 callback
            accu incr: 0 var,  0 idcode,  0 callback
108 VC callback profile - scalar:552 vector:1543
109 Mon Jul 20 16:52:31 2020
110 End of simulation at 25700000
111 VC callback profile - scalar:7996 vector:3621
112 Mon Jul 20 16:52:31 2020
113 Begin FSDB profile info:
114 FSDB Writer : bc1(7996) bcn(3621) mtf/stf(0/0)
FSDB Writer elapsed time : flush(0.045697) io wait(0.000000) theadpool wait(0.000000) target functin(0.000000)
FSDB Writer cpu time : MT Compression : 0
115 End FSDB profile info
116 Parallel profile    -  Flush:4 Expand:0 ProduceWait:0 ConsumerWait:0 BlockUsed:0
117                        ProduceTime:0.206165368 ConsumerTime:0.000000000 Buffer:64MB
118 SimExit
119 Sim process exit
