ncverilog(64): 14.10-s005: (c) Copyright 1995-2014 Cadence Design Systems, Inc.
TOOL:	ncverilog	14.10-s005: Started on Aug 20, 2020 at 14:50:57 CST
ncverilog
	-f simula.f
		testfixture.v
		CS.v
		+nc64bit
		+access+r
		+define+fsdb
		+notimingcheck
Recompiling... reason: file './CS.v' is newer than expected.
	expected: Thu Aug 20 14:38:47 2020
	actual:   Thu Aug 20 14:41:21 2020
file: CS.v
	module worklib.CS:v
		errors: 0, warnings: 0
		Caching library 'worklib' ....... Done
	Elaborating the design hierarchy:
	Building instance overlay tables: .................... Done
	Generating native compiled code:
		worklib.CS:v <0x0dd08667>
			streams:   2, words:  2909
	Building instance specific data structures.
	Loading native compiled code:     .................... Done
	Design hierarchy summary:
		                  Instances  Unique
		Modules:                  2       2
		Registers:               25      25
		Scalar wires:             3       -
		Expanded wires:          10       1
		Vectored wires:           1       -
		Always blocks:            5       5
		Initial blocks:           7       7
		Cont. assignments:        0       1
		Pseudo assignments:       1       1
		Timing checks:           20       -
		Simulation timescale:  10ps
	Writing initial simulation snapshot: worklib.test:v
Loading snapshot worklib.test:v .................... Done
*Verdi* Loading libsscore_ius141.so
ncsim> source /usr/cad/cadence/INCISIV/cur/tools/inca/files/ncsimrc
ncsim> run
FSDB Dumper for IUS, Release Verdi_O-2018.09, Linux x86_64/64bit, 08/30/2018
(C) 1996 - 2018 by Synopsys, Inc.
*Verdi* FSDB WARNING: The FSDB file already exists. Overwriting the FSDB file may crash the programs that are using this file.
*Verdi* : Create FSDB file 'CS.fsdb'
*Verdi* : Begin traversing the scopes, layer (0).
*Verdi* : End of traversing.
*Verdi* : Begin traversing the MDAs, layer (0).
*Verdi* : Enable +mda and +packedmda dumping.
*Verdi* : End of traversing the MDAs.
---------------------------------------------

---------------------------------------------

All data have been generated successfully!

-------------------PASS-------------------

---------------------------------------------

Simulation complete via $finish(1) at time 200400 NS + 0
./testfixture.v:130       $finish;
ncsim> exit
TOOL:	ncverilog	14.10-s005: Exiting on Aug 20, 2020 at 14:50:59 CST  (total: 00:00:02)
